2024-09-19 11:34:18,704 - INFO - Arquivo consolidado com sucesso: C:/Users/1502553/CTT - Correios de Portugal/Planeamento e Controlo - PCG_MIS/20. Project/Analytics/07. PBI Crédito Hipotecário/Projeto Crédito Hipotecário/00. Fontes de Dados/01. ODS\CH_Extract_ODS_202312.xlsx
2024-09-19 11:34:32,925 - INFO - Arquivo consolidado com sucesso: C:/Users/1502553/CTT - Correios de Portugal/Planeamento e Controlo - PCG_MIS/20. Project/Analytics/07. PBI Crédito Hipotecário/Projeto Crédito Hipotecário/00. Fontes de Dados/01. ODS\CH_Extract_ODS_202401.xlsx
2024-09-19 11:34:47,260 - INFO - Arquivo consolidado com sucesso: C:/Users/1502553/CTT - Correios de Portugal/Planeamento e Controlo - PCG_MIS/20. Project/Analytics/07. PBI Crédito Hipotecário/Projeto Crédito Hipotecário/00. Fontes de Dados/01. ODS\CH_Extract_ODS_202402.xlsx
2024-09-19 11:35:02,009 - INFO - Arquivo consolidado com sucesso: C:/Users/1502553/CTT - Correios de Portugal/Planeamento e Controlo - PCG_MIS/20. Project/Analytics/07. PBI Crédito Hipotecário/Projeto Crédito Hipotecário/00. Fontes de Dados/01. ODS\CH_Extract_ODS_202403.xlsx
2024-09-19 11:35:16,953 - INFO - Arquivo consolidado com sucesso: C:/Users/1502553/CTT - Correios de Portugal/Planeamento e Controlo - PCG_MIS/20. Project/Analytics/07. PBI Crédito Hipotecário/Projeto Crédito Hipotecário/00. Fontes de Dados/01. ODS\CH_Extract_ODS_202404.xlsx
2024-09-19 11:35:31,663 - INFO - Arquivo consolidado com sucesso: C:/Users/1502553/CTT - Correios de Portugal/Planeamento e Controlo - PCG_MIS/20. Project/Analytics/07. PBI Crédito Hipotecário/Projeto Crédito Hipotecário/00. Fontes de Dados/01. ODS\CH_Extract_ODS_202405.xlsx
2024-09-19 11:35:45,985 - INFO - Arquivo consolidado com sucesso: C:/Users/1502553/CTT - Correios de Portugal/Planeamento e Controlo - PCG_MIS/20. Project/Analytics/07. PBI Crédito Hipotecário/Projeto Crédito Hipotecário/00. Fontes de Dados/01. ODS\CH_Extract_ODS_202406.xlsx
2024-09-19 11:35:54,269 - INFO - Arquivo consolidado com sucesso: C:/Users/1502553/CTT - Correios de Portugal/Planeamento e Controlo - PCG_MIS/20. Project/Analytics/07. PBI Crédito Hipotecário/Projeto Crédito Hipotecário/00. Fontes de Dados/01. ODS\CH_Extract_ODS_202407.xlsb
2024-09-19 11:36:02,678 - INFO - Arquivo consolidado com sucesso: C:/Users/1502553/CTT - Correios de Portugal/Planeamento e Controlo - PCG_MIS/20. Project/Analytics/07. PBI Crédito Hipotecário/Projeto Crédito Hipotecário/00. Fontes de Dados/01. ODS\CH_Extract_ODS_202408.xlsb
2024-09-19 11:36:02,724 - INFO - Total de arquivos consolidados para (1) Entidade CONTRATO: 9
2024-09-19 11:36:02,740 - INFO - Consolidação concluída para a planilha: (1) Entidade CONTRATO
2024-09-19 11:36:15,083 - INFO - Arquivo consolidado com sucesso: C:/Users/1502553/CTT - Correios de Portugal/Planeamento e Controlo - PCG_MIS/20. Project/Analytics/07. PBI Crédito Hipotecário/Projeto Crédito Hipotecário/00. Fontes de Dados/01. ODS\CH_Extract_ODS_202312.xlsx
2024-09-19 11:36:25,836 - INFO - Arquivo consolidado com sucesso: C:/Users/1502553/CTT - Correios de Portugal/Planeamento e Controlo - PCG_MIS/20. Project/Analytics/07. PBI Crédito Hipotecário/Projeto Crédito Hipotecário/00. Fontes de Dados/01. ODS\CH_Extract_ODS_202401.xlsx
2024-09-19 11:36:36,779 - INFO - Arquivo consolidado com sucesso: C:/Users/1502553/CTT - Correios de Portugal/Planeamento e Controlo - PCG_MIS/20. Project/Analytics/07. PBI Crédito Hipotecário/Projeto Crédito Hipotecário/00. Fontes de Dados/01. ODS\CH_Extract_ODS_202402.xlsx
2024-09-19 11:36:47,500 - INFO - Arquivo consolidado com sucesso: C:/Users/1502553/CTT - Correios de Portugal/Planeamento e Controlo - PCG_MIS/20. Project/Analytics/07. PBI Crédito Hipotecário/Projeto Crédito Hipotecário/00. Fontes de Dados/01. ODS\CH_Extract_ODS_202403.xlsx
2024-09-19 11:36:58,991 - INFO - Arquivo consolidado com sucesso: C:/Users/1502553/CTT - Correios de Portugal/Planeamento e Controlo - PCG_MIS/20. Project/Analytics/07. PBI Crédito Hipotecário/Projeto Crédito Hipotecário/00. Fontes de Dados/01. ODS\CH_Extract_ODS_202404.xlsx
2024-09-19 11:37:11,025 - INFO - Arquivo consolidado com sucesso: C:/Users/1502553/CTT - Correios de Portugal/Planeamento e Controlo - PCG_MIS/20. Project/Analytics/07. PBI Crédito Hipotecário/Projeto Crédito Hipotecário/00. Fontes de Dados/01. ODS\CH_Extract_ODS_202405.xlsx
2024-09-19 11:37:22,863 - INFO - Arquivo consolidado com sucesso: C:/Users/1502553/CTT - Correios de Portugal/Planeamento e Controlo - PCG_MIS/20. Project/Analytics/07. PBI Crédito Hipotecário/Projeto Crédito Hipotecário/00. Fontes de Dados/01. ODS\CH_Extract_ODS_202406.xlsx
2024-09-19 11:37:28,617 - INFO - Arquivo consolidado com sucesso: C:/Users/1502553/CTT - Correios de Portugal/Planeamento e Controlo - PCG_MIS/20. Project/Analytics/07. PBI Crédito Hipotecário/Projeto Crédito Hipotecário/00. Fontes de Dados/01. ODS\CH_Extract_ODS_202407.xlsb
2024-09-19 11:37:34,323 - INFO - Arquivo consolidado com sucesso: C:/Users/1502553/CTT - Correios de Portugal/Planeamento e Controlo - PCG_MIS/20. Project/Analytics/07. PBI Crédito Hipotecário/Projeto Crédito Hipotecário/00. Fontes de Dados/01. ODS\CH_Extract_ODS_202408.xlsb
2024-09-19 11:37:34,348 - INFO - Total de arquivos consolidados para (2) Entidade INTERVENIENTE: 9
2024-09-19 11:37:34,367 - INFO - Consolidação concluída para a planilha: (2) Entidade INTERVENIENTE
2024-09-19 11:37:44,436 - INFO - Arquivo consolidado com sucesso: C:/Users/1502553/CTT - Correios de Portugal/Planeamento e Controlo - PCG_MIS/20. Project/Analytics/07. PBI Crédito Hipotecário/Projeto Crédito Hipotecário/00. Fontes de Dados/01. ODS\CH_Extract_ODS_202312.xlsx
2024-09-19 11:37:53,981 - INFO - Arquivo consolidado com sucesso: C:/Users/1502553/CTT - Correios de Portugal/Planeamento e Controlo - PCG_MIS/20. Project/Analytics/07. PBI Crédito Hipotecário/Projeto Crédito Hipotecário/00. Fontes de Dados/01. ODS\CH_Extract_ODS_202401.xlsx
2024-09-19 11:38:04,611 - INFO - Arquivo consolidado com sucesso: C:/Users/1502553/CTT - Correios de Portugal/Planeamento e Controlo - PCG_MIS/20. Project/Analytics/07. PBI Crédito Hipotecário/Projeto Crédito Hipotecário/00. Fontes de Dados/01. ODS\CH_Extract_ODS_202402.xlsx
2024-09-19 11:38:14,811 - INFO - Arquivo consolidado com sucesso: C:/Users/1502553/CTT - Correios de Portugal/Planeamento e Controlo - PCG_MIS/20. Project/Analytics/07. PBI Crédito Hipotecário/Projeto Crédito Hipotecário/00. Fontes de Dados/01. ODS\CH_Extract_ODS_202403.xlsx
2024-09-19 11:38:24,848 - INFO - Arquivo consolidado com sucesso: C:/Users/1502553/CTT - Correios de Portugal/Planeamento e Controlo - PCG_MIS/20. Project/Analytics/07. PBI Crédito Hipotecário/Projeto Crédito Hipotecário/00. Fontes de Dados/01. ODS\CH_Extract_ODS_202404.xlsx
2024-09-19 11:38:34,998 - INFO - Arquivo consolidado com sucesso: C:/Users/1502553/CTT - Correios de Portugal/Planeamento e Controlo - PCG_MIS/20. Project/Analytics/07. PBI Crédito Hipotecário/Projeto Crédito Hipotecário/00. Fontes de Dados/01. ODS\CH_Extract_ODS_202405.xlsx
2024-09-19 11:38:45,033 - INFO - Arquivo consolidado com sucesso: C:/Users/1502553/CTT - Correios de Portugal/Planeamento e Controlo - PCG_MIS/20. Project/Analytics/07. PBI Crédito Hipotecário/Projeto Crédito Hipotecário/00. Fontes de Dados/01. ODS\CH_Extract_ODS_202406.xlsx
2024-09-19 11:38:49,698 - INFO - Arquivo consolidado com sucesso: C:/Users/1502553/CTT - Correios de Portugal/Planeamento e Controlo - PCG_MIS/20. Project/Analytics/07. PBI Crédito Hipotecário/Projeto Crédito Hipotecário/00. Fontes de Dados/01. ODS\CH_Extract_ODS_202407.xlsb
2024-09-19 11:38:54,510 - INFO - Arquivo consolidado com sucesso: C:/Users/1502553/CTT - Correios de Portugal/Planeamento e Controlo - PCG_MIS/20. Project/Analytics/07. PBI Crédito Hipotecário/Projeto Crédito Hipotecário/00. Fontes de Dados/01. ODS\CH_Extract_ODS_202408.xlsb
2024-09-19 11:38:54,522 - INFO - Total de arquivos consolidados para (8) Entidade AVALIACAO: 9
2024-09-19 11:38:54,527 - INFO - Consolidação concluída para a planilha: (8) Entidade AVALIACAO
2024-09-19 11:39:03,268 - INFO - Arquivo consolidado com sucesso: C:/Users/1502553/CTT - Correios de Portugal/Planeamento e Controlo - PCG_MIS/20. Project/Analytics/07. PBI Crédito Hipotecário/Projeto Crédito Hipotecário/00. Fontes de Dados/01. ODS\CH_Extract_ODS_202312.xlsx
2024-09-19 11:39:12,047 - INFO - Arquivo consolidado com sucesso: C:/Users/1502553/CTT - Correios de Portugal/Planeamento e Controlo - PCG_MIS/20. Project/Analytics/07. PBI Crédito Hipotecário/Projeto Crédito Hipotecário/00. Fontes de Dados/01. ODS\CH_Extract_ODS_202401.xlsx
2024-09-19 11:39:21,560 - INFO - Arquivo consolidado com sucesso: C:/Users/1502553/CTT - Correios de Portugal/Planeamento e Controlo - PCG_MIS/20. Project/Analytics/07. PBI Crédito Hipotecário/Projeto Crédito Hipotecário/00. Fontes de Dados/01. ODS\CH_Extract_ODS_202402.xlsx
2024-09-19 11:39:30,746 - INFO - Arquivo consolidado com sucesso: C:/Users/1502553/CTT - Correios de Portugal/Planeamento e Controlo - PCG_MIS/20. Project/Analytics/07. PBI Crédito Hipotecário/Projeto Crédito Hipotecário/00. Fontes de Dados/01. ODS\CH_Extract_ODS_202403.xlsx
2024-09-19 11:39:40,399 - INFO - Arquivo consolidado com sucesso: C:/Users/1502553/CTT - Correios de Portugal/Planeamento e Controlo - PCG_MIS/20. Project/Analytics/07. PBI Crédito Hipotecário/Projeto Crédito Hipotecário/00. Fontes de Dados/01. ODS\CH_Extract_ODS_202404.xlsx
2024-09-19 11:39:50,481 - INFO - Arquivo consolidado com sucesso: C:/Users/1502553/CTT - Correios de Portugal/Planeamento e Controlo - PCG_MIS/20. Project/Analytics/07. PBI Crédito Hipotecário/Projeto Crédito Hipotecário/00. Fontes de Dados/01. ODS\CH_Extract_ODS_202405.xlsx
2024-09-19 11:40:01,458 - INFO - Arquivo consolidado com sucesso: C:/Users/1502553/CTT - Correios de Portugal/Planeamento e Controlo - PCG_MIS/20. Project/Analytics/07. PBI Crédito Hipotecário/Projeto Crédito Hipotecário/00. Fontes de Dados/01. ODS\CH_Extract_ODS_202406.xlsx
2024-09-19 11:40:05,979 - INFO - Arquivo consolidado com sucesso: C:/Users/1502553/CTT - Correios de Portugal/Planeamento e Controlo - PCG_MIS/20. Project/Analytics/07. PBI Crédito Hipotecário/Projeto Crédito Hipotecário/00. Fontes de Dados/01. ODS\CH_Extract_ODS_202407.xlsb
2024-09-19 11:40:10,129 - INFO - Arquivo consolidado com sucesso: C:/Users/1502553/CTT - Correios de Portugal/Planeamento e Controlo - PCG_MIS/20. Project/Analytics/07. PBI Crédito Hipotecário/Projeto Crédito Hipotecário/00. Fontes de Dados/01. ODS\CH_Extract_ODS_202408.xlsb
2024-09-19 11:40:10,131 - INFO - Total de arquivos consolidados para (9) Entidade OPERACAO: 9
2024-09-19 11:40:10,132 - INFO - Consolidação concluída para a planilha: (9) Entidade OPERACAO
2024-09-19 11:40:15,026 - INFO - Arquivo salvo: C:/Users/1502553/CTT - Correios de Portugal/Planeamento e Controlo - PCG_MIS/20. Project/Analytics/07. PBI Crédito Hipotecário/Projeto Crédito Hipotecário/01. Dados Consolidados/01. ODS\(1) Entidade CONTRATO_consolidado.csv
2024-09-19 11:40:16,682 - INFO - Arquivo salvo: C:/Users/1502553/CTT - Correios de Portugal/Planeamento e Controlo - PCG_MIS/20. Project/Analytics/07. PBI Crédito Hipotecário/Projeto Crédito Hipotecário/01. Dados Consolidados/01. ODS\(2) Entidade INTERVENIENTE_consolidado.csv
2024-09-19 11:40:17,810 - INFO - Arquivo salvo: C:/Users/1502553/CTT - Correios de Portugal/Planeamento e Controlo - PCG_MIS/20. Project/Analytics/07. PBI Crédito Hipotecário/Projeto Crédito Hipotecário/01. Dados Consolidados/01. ODS\(8) Entidade AVALIACAO_consolidado.csv
2024-09-19 11:40:18,050 - INFO - Arquivo salvo: C:/Users/1502553/CTT - Correios de Portugal/Planeamento e Controlo - PCG_MIS/20. Project/Analytics/07. PBI Crédito Hipotecário/Projeto Crédito Hipotecário/01. Dados Consolidados/01. ODS\(9) Entidade OPERACAO_consolidado.csv
