2024-10-18 14:56:06,067 - INFO - Diretório selecionado: C:/Users/1502553/CTT - Correios de Portugal/Planeamento e Controlo - PCG_MIS/20. Project/Analytics/07. PBI Crédito Hipotecário/Projeto Crédito Hipotecário/00. Fontes de Dados/05. Imparidade
2024-10-18 14:56:30,434 - INFO - Planilha 'Base_Com Overlay' encontrada no arquivo C:/Users/1502553/CTT - Correios de Portugal/Planeamento e Controlo - PCG_MIS/20. Project/Analytics/07. PBI Crédito Hipotecário/Projeto Crédito Hipotecário/00. Fontes de Dados/05. Imparidade\Imparidade_credito_202312.xlsx.
2024-10-18 14:56:40,324 - INFO - Arquivo carregado com sucesso: C:/Users/1502553/CTT - Correios de Portugal/Planeamento e Controlo - PCG_MIS/20. Project/Analytics/07. PBI Crédito Hipotecário/Projeto Crédito Hipotecário/00. Fontes de Dados/05. Imparidade\Imparidade_credito_202312.xlsx
2024-10-18 14:56:40,327 - INFO - DataFrame transformado com sucesso para a data: 2023-12-01 00:00:00
2024-10-18 14:57:03,303 - INFO - Planilha 'Base_Com Overlay' encontrada no arquivo C:/Users/1502553/CTT - Correios de Portugal/Planeamento e Controlo - PCG_MIS/20. Project/Analytics/07. PBI Crédito Hipotecário/Projeto Crédito Hipotecário/00. Fontes de Dados/05. Imparidade\Imparidade_credito_202401.xlsx.
2024-10-18 14:57:13,174 - INFO - Arquivo carregado com sucesso: C:/Users/1502553/CTT - Correios de Portugal/Planeamento e Controlo - PCG_MIS/20. Project/Analytics/07. PBI Crédito Hipotecário/Projeto Crédito Hipotecário/00. Fontes de Dados/05. Imparidade\Imparidade_credito_202401.xlsx
2024-10-18 14:57:13,180 - INFO - DataFrame transformado com sucesso para a data: 2024-01-01 00:00:00
2024-10-18 14:57:39,282 - INFO - Planilha 'Base_Com Overlay' encontrada no arquivo C:/Users/1502553/CTT - Correios de Portugal/Planeamento e Controlo - PCG_MIS/20. Project/Analytics/07. PBI Crédito Hipotecário/Projeto Crédito Hipotecário/00. Fontes de Dados/05. Imparidade\Imparidade_credito_202402.xlsx.
2024-10-18 14:57:49,236 - INFO - Arquivo carregado com sucesso: C:/Users/1502553/CTT - Correios de Portugal/Planeamento e Controlo - PCG_MIS/20. Project/Analytics/07. PBI Crédito Hipotecário/Projeto Crédito Hipotecário/00. Fontes de Dados/05. Imparidade\Imparidade_credito_202402.xlsx
2024-10-18 14:57:49,236 - INFO - DataFrame transformado com sucesso para a data: 2024-02-01 00:00:00
2024-10-18 14:58:11,808 - INFO - Planilha 'Base_Com Overlay' encontrada no arquivo C:/Users/1502553/CTT - Correios de Portugal/Planeamento e Controlo - PCG_MIS/20. Project/Analytics/07. PBI Crédito Hipotecário/Projeto Crédito Hipotecário/00. Fontes de Dados/05. Imparidade\Imparidade_credito_202403.xlsx.
2024-10-18 14:58:21,506 - INFO - Arquivo carregado com sucesso: C:/Users/1502553/CTT - Correios de Portugal/Planeamento e Controlo - PCG_MIS/20. Project/Analytics/07. PBI Crédito Hipotecário/Projeto Crédito Hipotecário/00. Fontes de Dados/05. Imparidade\Imparidade_credito_202403.xlsx
2024-10-18 14:58:21,510 - INFO - DataFrame transformado com sucesso para a data: 2024-03-01 00:00:00
2024-10-18 14:58:48,681 - INFO - Planilha 'Base_Com Overlay' encontrada no arquivo C:/Users/1502553/CTT - Correios de Portugal/Planeamento e Controlo - PCG_MIS/20. Project/Analytics/07. PBI Crédito Hipotecário/Projeto Crédito Hipotecário/00. Fontes de Dados/05. Imparidade\Imparidade_credito_202404.xlsx.
2024-10-18 14:58:59,423 - INFO - Arquivo carregado com sucesso: C:/Users/1502553/CTT - Correios de Portugal/Planeamento e Controlo - PCG_MIS/20. Project/Analytics/07. PBI Crédito Hipotecário/Projeto Crédito Hipotecário/00. Fontes de Dados/05. Imparidade\Imparidade_credito_202404.xlsx
2024-10-18 14:58:59,423 - INFO - DataFrame transformado com sucesso para a data: 2024-04-01 00:00:00
2024-10-18 14:59:19,190 - INFO - Planilha 'Base_Com Overlay' encontrada no arquivo C:/Users/1502553/CTT - Correios de Portugal/Planeamento e Controlo - PCG_MIS/20. Project/Analytics/07. PBI Crédito Hipotecário/Projeto Crédito Hipotecário/00. Fontes de Dados/05. Imparidade\Imparidade_credito_202405.xlsx.
2024-10-18 14:59:28,491 - INFO - Arquivo carregado com sucesso: C:/Users/1502553/CTT - Correios de Portugal/Planeamento e Controlo - PCG_MIS/20. Project/Analytics/07. PBI Crédito Hipotecário/Projeto Crédito Hipotecário/00. Fontes de Dados/05. Imparidade\Imparidade_credito_202405.xlsx
2024-10-18 14:59:28,496 - INFO - DataFrame transformado com sucesso para a data: 2024-05-01 00:00:00
2024-10-18 14:59:52,402 - INFO - Planilha 'Base_Com Overlay' encontrada no arquivo C:/Users/1502553/CTT - Correios de Portugal/Planeamento e Controlo - PCG_MIS/20. Project/Analytics/07. PBI Crédito Hipotecário/Projeto Crédito Hipotecário/00. Fontes de Dados/05. Imparidade\Imparidade_credito_202406.xlsx.
2024-10-18 15:00:03,121 - INFO - Arquivo carregado com sucesso: C:/Users/1502553/CTT - Correios de Portugal/Planeamento e Controlo - PCG_MIS/20. Project/Analytics/07. PBI Crédito Hipotecário/Projeto Crédito Hipotecário/00. Fontes de Dados/05. Imparidade\Imparidade_credito_202406.xlsx
2024-10-18 15:00:03,126 - INFO - DataFrame transformado com sucesso para a data: 2024-06-01 00:00:00
2024-10-18 15:00:20,429 - INFO - Planilha 'Base_Com Overlay' encontrada no arquivo C:/Users/1502553/CTT - Correios de Portugal/Planeamento e Controlo - PCG_MIS/20. Project/Analytics/07. PBI Crédito Hipotecário/Projeto Crédito Hipotecário/00. Fontes de Dados/05. Imparidade\Imparidade_credito_202407.xlsx.
2024-10-18 15:00:32,542 - INFO - Arquivo carregado com sucesso: C:/Users/1502553/CTT - Correios de Portugal/Planeamento e Controlo - PCG_MIS/20. Project/Analytics/07. PBI Crédito Hipotecário/Projeto Crédito Hipotecário/00. Fontes de Dados/05. Imparidade\Imparidade_credito_202407.xlsx
2024-10-18 15:00:32,546 - INFO - DataFrame transformado com sucesso para a data: 2024-07-01 00:00:00
2024-10-18 15:00:55,559 - INFO - Planilha 'Base_Com Overlay' encontrada no arquivo C:/Users/1502553/CTT - Correios de Portugal/Planeamento e Controlo - PCG_MIS/20. Project/Analytics/07. PBI Crédito Hipotecário/Projeto Crédito Hipotecário/00. Fontes de Dados/05. Imparidade\Imparidade_credito_202408.xlsx.
2024-10-18 15:01:09,766 - INFO - Arquivo carregado com sucesso: C:/Users/1502553/CTT - Correios de Portugal/Planeamento e Controlo - PCG_MIS/20. Project/Analytics/07. PBI Crédito Hipotecário/Projeto Crédito Hipotecário/00. Fontes de Dados/05. Imparidade\Imparidade_credito_202408.xlsx
2024-10-18 15:01:09,770 - INFO - DataFrame transformado com sucesso para a data: 2024-08-01 00:00:00
2024-10-18 15:01:10,700 - INFO - Planilha 'Base_Com Overlay' encontrada no arquivo C:/Users/1502553/CTT - Correios de Portugal/Planeamento e Controlo - PCG_MIS/20. Project/Analytics/07. PBI Crédito Hipotecário/Projeto Crédito Hipotecário/00. Fontes de Dados/05. Imparidade\Imparidade_credito_202409.xlsx.
2024-10-18 15:01:45,388 - INFO - Arquivo carregado com sucesso: C:/Users/1502553/CTT - Correios de Portugal/Planeamento e Controlo - PCG_MIS/20. Project/Analytics/07. PBI Crédito Hipotecário/Projeto Crédito Hipotecário/00. Fontes de Dados/05. Imparidade\Imparidade_credito_202409.xlsx
2024-10-18 15:01:45,400 - INFO - DataFrame transformado com sucesso para a data: 2024-09-01 00:00:00
2024-10-18 15:01:46,169 - INFO - Arquivos consolidados e salvos com sucesso: C:/Users/1502553/CTT - Correios de Portugal/Planeamento e Controlo - PCG_MIS/20. Project/Analytics/07. PBI Crédito Hipotecário/Projeto Crédito Hipotecário/01. Dados Consolidados/05. Imparidade\Consolidado_Imparidade_Credito.feather e C:/Users/1502553/CTT - Correios de Portugal/Planeamento e Controlo - PCG_MIS/20. Project/Analytics/07. PBI Crédito Hipotecário/Projeto Crédito Hipotecário/01. Dados Consolidados/05. Imparidade\Consolidado_Imparidade_Credito.csv
